SF:lib/core/utils/constants.dart
DA:42,1
DA:43,1
DA:46,1
DA:47,1
DA:50,1
DA:51,1
DA:54,1
DA:55,1
DA:61,4
DA:62,4
DA:65,1
DA:66,1
DA:69,1
DA:72,2
DA:75,1
DA:76,1
LF:16
LH:16
end_of_record
SF:lib/core/presentation/bloc/user_bloc/user_state.dart
DA:4,13
DA:6,0
DA:7,0
DA:13,7
DA:17,1
DA:18,2
LF:6
LH:4
end_of_record
SF:lib/core/presentation/bloc/user_bloc/user_event.dart
DA:4,1
DA:6,0
DA:7,0
DA:11,1
DA:15,0
DA:16,0
LF:6
LH:2
end_of_record
SF:lib/core/presentation/bloc/user_bloc/user_bloc.dart
DA:11,21
DA:14,1
DA:17,1
DA:18,3
LF:4
LH:4
end_of_record
SF:lib/core/domain/entities/user_entity.dart
DA:4,7
DA:16,2
DA:17,2
DA:18,2
DA:19,2
DA:20,2
DA:21,2
LF:7
LH:7
end_of_record
SF:lib/core/data/models/imgur_comments.dart
DA:2,2
DA:13,2
DA:14,2
DA:15,2
DA:16,2
DA:17,2
DA:18,2
DA:19,2
DA:20,2
DA:22,6
LF:10
LH:10
end_of_record
SF:lib/core/data/models/imgur_image.dart
DA:2,3
DA:16,1
DA:17,1
DA:18,3
DA:20,1
DA:21,1
DA:22,1
DA:23,1
DA:24,1
DA:25,1
DA:26,1
DA:27,1
DA:28,3
DA:29,1
DA:31,3
DA:32,1
DA:33,1
DA:34,1
LF:18
LH:18
end_of_record
SF:lib/core/data/models/user_informations.dart
DA:2,1
DA:11,1
DA:12,1
DA:13,1
DA:14,1
DA:15,1
DA:16,1
DA:17,1
DA:18,1
LF:9
LH:9
end_of_record
SF:lib/core/data/sources/imgur_data_source.dart
DA:15,4
DA:19,8
DA:20,4
DA:21,4
DA:23,8
DA:26,6
DA:27,3
DA:28,9
DA:31,0
DA:32,0
DA:33,0
DA:35,8
DA:40,4
DA:44,12
DA:45,8
DA:47,6
DA:48,3
DA:49,6
DA:52,0
DA:53,0
DA:56,0
DA:57,0
DA:58,0
DA:66,8
DA:71,3
DA:76,6
DA:77,6
DA:78,6
DA:81,4
DA:82,2
DA:83,6
DA:86,0
DA:87,0
DA:90,0
DA:91,0
DA:92,0
DA:99,6
DA:104,0
DA:107,0
DA:109,0
DA:110,0
DA:111,0
DA:114,0
DA:115,0
DA:116,0
DA:119,0
DA:120,0
DA:123,0
DA:124,0
DA:125,0
DA:126,0
DA:134,0
DA:135,0
DA:136,0
DA:139,0
DA:140,0
DA:141,0
DA:142,0
DA:147,0
DA:152,4
DA:155,4
DA:157,4
DA:158,6
DA:159,3
DA:160,6
DA:163,4
DA:164,2
DA:165,4
DA:167,0
DA:168,0
DA:171,0
DA:172,0
DA:173,0
DA:180,0
DA:181,0
DA:182,0
DA:186,0
DA:187,0
DA:188,0
DA:189,0
DA:194,8
DA:199,0
DA:204,0
DA:205,0
DA:206,0
DA:207,0
DA:210,0
DA:211,0
DA:212,0
DA:216,0
DA:221,2
DA:226,2
DA:227,0
DA:228,0
DA:229,0
DA:230,0
DA:234,0
DA:236,0
DA:238,0
DA:239,0
DA:240,0
DA:241,0
DA:244,0
DA:245,0
DA:246,0
DA:251,0
DA:252,0
DA:255,4
DA:260,0
DA:266,0
DA:267,0
DA:268,0
DA:269,0
DA:270,0
DA:276,0
DA:277,0
DA:278,0
DA:281,0
DA:282,0
DA:286,0
DA:287,0
DA:288,0
DA:293,0
DA:298,0
DA:303,0
DA:304,0
DA:305,0
DA:306,0
DA:309,0
DA:310,0
DA:311,0
DA:314,0
DA:315,0
DA:319,0
DA:321,0
DA:326,0
DA:332,0
DA:333,0
DA:334,0
DA:335,0
DA:338,0
DA:339,0
DA:340,0
DA:345,0
DA:350,0
DA:355,0
DA:356,0
DA:357,0
DA:358,0
DA:361,0
DA:362,0
DA:363,0
DA:366,0
DA:367,0
DA:373,0
DA:378,0
DA:383,0
DA:384,0
DA:385,0
DA:386,0
DA:389,0
DA:390,0
DA:391,0
DA:394,0
DA:395,0
DA:401,0
DA:406,0
DA:413,0
DA:414,0
DA:415,0
DA:416,0
DA:417,0
DA:418,0
DA:427,0
DA:428,0
DA:429,0
DA:432,0
DA:433,0
DA:439,0
DA:444,0
DA:451,0
DA:452,0
DA:453,0
DA:454,0
DA:455,0
DA:456,0
DA:457,0
DA:458,0
DA:462,0
DA:463,0
DA:464,0
DA:467,0
DA:468,0
DA:473,0
DA:478,5
DA:480,8
DA:481,6
DA:484,0
DA:486,0
DA:487,0
LF:200
LH:40
end_of_record
SF:lib/core/presentation/bloc/favorite_gallery_bloc/favorite_gallery_bloc.dart
DA:10,12
DA:13,3
DA:16,3
DA:17,6
DA:18,6
DA:22,3
DA:26,6
DA:28,6
DA:32,6
DA:36,0
LF:10
LH:9
end_of_record
SF:lib/core/presentation/bloc/favorite_gallery_bloc/favorite_gallery_state.dart
DA:4,4
DA:14,0
LF:2
LH:1
end_of_record
SF:lib/core/presentation/bloc/favorite_gallery_bloc/favorite_gallery_event.dart
DA:4,3
DA:8,3
LF:2
LH:2
end_of_record
SF:lib/core/presentation/bloc/profile_gallery_bloc/profile_gallery_event.dart
DA:4,4
DA:8,4
LF:2
LH:2
end_of_record
SF:lib/core/presentation/bloc/profile_gallery_bloc/profile_gallery_bloc.dart
DA:11,12
DA:14,4
DA:17,4
DA:18,12
DA:22,4
DA:25,8
DA:27,8
DA:30,8
DA:34,0
LF:9
LH:8
end_of_record
SF:lib/core/presentation/bloc/profile_gallery_bloc/profile_gallery_state.dart
DA:4,4
DA:14,0
LF:2
LH:1
end_of_record
SF:lib/core/presentation/pages/favorite_body.dart
DA:11,14
DA:13,0
DA:15,4
DA:16,4
DA:23,4
DA:25,4
DA:26,8
DA:27,8
DA:28,3
DA:29,9
DA:30,3
DA:31,6
DA:32,6
DA:37,4
DA:39,4
DA:40,3
DA:41,3
DA:42,0
DA:43,0
DA:44,0
DA:45,0
DA:49,4
DA:50,4
DA:51,0
DA:58,0
DA:60,0
DA:61,0
DA:62,0
DA:63,0
DA:64,0
DA:65,0
DA:67,0
DA:68,0
DA:69,0
DA:70,0
DA:74,0
DA:76,0
DA:77,0
DA:78,0
DA:79,0
DA:86,0
DA:87,0
DA:88,0
DA:89,0
DA:91,0
DA:92,0
DA:93,0
DA:94,0
DA:95,0
DA:96,0
DA:97,0
DA:100,0
DA:109,0
DA:110,0
DA:127,0
DA:129,0
DA:130,0
DA:131,0
DA:132,0
DA:133,0
LF:60
LH:18
end_of_record
SF:lib/core/utils/utils.dart
DA:7,1
DA:11,2
DA:12,1
DA:17,1
DA:23,1
DA:25,1
DA:26,1
DA:27,1
DA:28,1
DA:29,1
DA:30,1
DA:32,1
DA:33,2
DA:36,1
DA:38,1
DA:39,2
DA:49,2
DA:50,4
DA:53,4
DA:54,6
DA:55,4
DA:56,3
DA:57,4
DA:58,6
DA:60,2
DA:65,1
DA:71,2
DA:72,1
DA:75,1
LF:29
LH:29
end_of_record
SF:lib/core/presentation/pages/home_body.dart
DA:11,14
DA:13,4
DA:14,4
DA:21,4
DA:23,4
DA:24,12
DA:25,8
DA:26,4
DA:27,4
DA:28,4
DA:29,0
DA:30,0
DA:31,0
DA:38,4
DA:41,4
DA:43,0
DA:44,0
DA:45,0
DA:46,0
DA:50,0
DA:51,0
DA:52,0
DA:54,0
DA:57,0
DA:59,0
DA:60,0
DA:61,0
DA:62,0
DA:65,0
DA:66,0
DA:68,0
DA:72,0
DA:73,0
DA:74,0
DA:75,0
DA:79,0
DA:80,0
DA:83,0
DA:84,0
DA:85,0
DA:86,0
DA:91,0
DA:92,0
DA:93,0
DA:94,0
DA:97,0
DA:100,0
DA:101,0
DA:102,0
DA:103,0
DA:105,0
DA:109,0
DA:110,0
DA:117,0
DA:118,0
DA:120,0
DA:123,0
DA:124,0
DA:125,0
DA:127,0
DA:131,0
DA:132,0
DA:133,0
DA:135,0
DA:136,0
DA:137,0
DA:138,0
DA:139,0
DA:140,0
DA:141,0
DA:146,0
DA:147,0
DA:150,0
DA:168,0
DA:170,0
DA:171,0
DA:172,0
DA:173,0
DA:174,0
LF:79
LH:12
end_of_record
SF:lib/core/presentation/pages/image_page.dart
DA:13,2
DA:22,2
DA:26,2
DA:32,2
DA:33,2
DA:41,2
DA:43,2
DA:44,10
DA:45,4
DA:46,1
DA:47,1
DA:48,3
DA:53,14
DA:54,4
DA:55,2
DA:56,2
DA:62,2
DA:64,2
DA:65,2
DA:66,2
DA:67,8
DA:68,0
DA:69,0
DA:70,0
DA:71,0
DA:80,2
DA:85,0
DA:86,0
DA:90,2
DA:92,2
DA:95,2
DA:96,2
DA:98,2
DA:104,2
DA:105,2
DA:108,2
DA:110,6
DA:111,2
DA:112,2
DA:113,2
DA:115,2
DA:116,2
DA:117,8
DA:119,8
DA:124,2
DA:125,2
DA:127,2
DA:128,12
DA:133,8
DA:134,10
DA:136,2
DA:138,4
DA:139,2
DA:140,0
DA:146,2
DA:147,8
DA:149,8
DA:152,2
DA:153,0
DA:154,2
DA:156,2
DA:160,2
DA:161,0
DA:162,0
DA:164,0
DA:165,0
DA:166,0
DA:167,0
DA:168,0
DA:170,0
DA:172,0
DA:181,2
DA:182,2
DA:183,2
DA:188,2
DA:190,2
DA:191,12
DA:193,2
DA:194,2
DA:195,2
DA:197,2
DA:198,2
DA:199,0
DA:200,0
DA:201,0
DA:203,0
DA:205,0
DA:207,0
DA:208,0
DA:221,2
DA:222,2
DA:224,2
DA:225,2
DA:227,2
DA:228,2
DA:232,2
DA:241,0
DA:242,0
DA:243,0
DA:244,0
DA:247,0
DA:248,0
DA:255,0
DA:257,0
DA:258,0
DA:261,0
DA:262,0
DA:263,0
DA:264,0
DA:265,0
DA:266,0
DA:267,0
DA:268,0
DA:270,0
DA:280,0
DA:283,0
DA:284,0
DA:287,0
DA:290,0
DA:291,0
DA:300,0
DA:302,0
DA:303,0
DA:304,0
DA:305,0
DA:306,0
DA:311,0
DA:313,0
DA:314,0
DA:315,0
DA:316,0
DA:321,0
DA:323,0
DA:324,0
DA:329,1
DA:332,1
DA:336,1
DA:337,1
DA:341,1
DA:343,1
DA:347,3
DA:348,1
DA:349,1
DA:350,2
DA:352,1
DA:357,0
DA:358,0
DA:359,0
DA:365,1
DA:370,1
DA:376,1
DA:377,1
DA:385,1
DA:387,1
DA:389,6
DA:390,0
DA:391,0
DA:392,0
DA:393,0
DA:396,1
DA:400,1
DA:401,1
DA:402,1
DA:403,1
DA:405,1
DA:406,7
DA:411,1
DA:413,1
DA:414,2
DA:416,7
DA:420,1
DA:421,1
DA:422,1
DA:423,8
DA:427,2
DA:428,1
DA:430,1
DA:431,0
DA:432,0
DA:434,0
DA:445,1
DA:446,0
DA:447,0
DA:449,0
DA:451,0
DA:452,0
DA:453,0
DA:454,0
DA:455,0
DA:456,0
DA:462,1
DA:464,2
DA:467,1
DA:468,7
DA:471,1
DA:472,0
DA:473,0
DA:475,0
DA:477,0
DA:478,0
DA:479,0
DA:480,0
DA:481,0
DA:482,0
DA:488,1
DA:490,2
DA:493,1
DA:494,7
DA:504,0
DA:505,0
DA:506,0
DA:507,0
DA:508,0
DA:509,0
DA:510,0
DA:511,0
DA:512,0
DA:513,0
DA:515,0
DA:521,1
DA:523,2
DA:524,7
DA:525,2
DA:526,1
DA:527,1
DA:528,1
LF:226
LH:125
end_of_record
SF:lib/core/presentation/pages/profile_body.dart
DA:11,14
DA:13,0
DA:15,4
DA:16,4
DA:26,4
DA:28,4
DA:30,12
DA:31,12
DA:32,4
DA:33,8
DA:35,12
DA:36,16
DA:37,4
DA:41,4
DA:43,4
DA:45,4
DA:46,4
DA:47,4
DA:48,4
DA:49,4
DA:50,16
DA:51,4
DA:52,4
DA:53,4
DA:54,4
DA:55,4
DA:57,4
DA:61,4
DA:62,0
DA:63,0
DA:65,0
DA:67,0
DA:68,0
DA:77,4
DA:78,4
DA:79,8
DA:80,0
DA:82,0
DA:83,0
DA:85,0
DA:86,0
DA:94,4
DA:95,4
DA:100,4
DA:101,4
DA:102,8
DA:110,8
DA:116,4
DA:117,0
DA:118,0
DA:119,0
DA:120,0
DA:123,4
DA:124,8
DA:136,4
DA:137,4
DA:138,4
DA:144,8
DA:145,0
DA:146,0
DA:147,0
DA:151,0
DA:152,0
DA:160,4
DA:161,4
DA:177,4
DA:178,4
DA:179,4
DA:180,0
DA:181,0
DA:185,4
DA:186,4
DA:187,0
DA:188,0
DA:196,0
DA:197,0
DA:198,0
DA:199,0
DA:200,0
DA:201,0
DA:205,0
DA:207,0
DA:208,0
DA:209,0
DA:210,0
DA:218,4
DA:230,0
DA:231,0
DA:232,0
DA:233,0
DA:234,0
DA:235,0
DA:237,0
DA:238,0
DA:240,0
DA:241,0
DA:242,0
DA:244,0
DA:254,4
DA:255,4
DA:256,0
DA:261,4
DA:262,4
DA:263,0
DA:268,4
DA:269,4
DA:270,0
DA:275,4
DA:276,4
DA:277,0
LF:110
LH:59
end_of_record
SF:lib/core/presentation/pages/search_body.dart
DA:7,14
DA:9,0
DA:11,4
DA:12,4
DA:19,4
DA:21,4
DA:22,4
DA:23,4
DA:26,4
DA:31,0
DA:32,0
DA:33,0
DA:35,0
DA:36,0
DA:37,0
DA:38,0
DA:39,0
DA:47,4
DA:48,8
DA:49,4
DA:54,0
DA:55,0
DA:62,0
DA:64,0
DA:65,0
DA:66,0
DA:68,0
DA:69,0
DA:70,0
DA:71,0
DA:72,0
DA:73,0
DA:74,0
DA:78,0
DA:80,0
DA:81,0
DA:82,0
DA:83,0
DA:84,0
DA:89,0
DA:93,0
LF:41
LH:11
end_of_record
SF:lib/core/presentation/pages/upload_body.dart
DA:11,14
DA:13,4
DA:14,4
DA:21,4
DA:23,4
DA:24,4
DA:25,4
DA:26,4
DA:28,4
DA:29,0
DA:31,0
DA:33,0
DA:34,0
DA:51,4
DA:52,0
DA:54,0
DA:56,0
DA:57,0
DA:77,0
DA:78,0
DA:79,0
DA:83,0
DA:84,0
DA:85,0
DA:91,0
DA:95,0
DA:100,0
DA:101,0
DA:108,0
DA:110,0
DA:111,0
DA:113,0
DA:114,0
DA:115,0
DA:120,0
DA:122,0
DA:124,0
DA:125,0
DA:126,0
DA:135,0
DA:136,0
DA:137,0
DA:138,0
DA:139,0
DA:140,0
DA:141,0
DA:142,0
DA:143,0
DA:144,0
DA:145,0
DA:159,0
DA:161,0
DA:162,0
DA:163,0
DA:171,0
DA:173,0
DA:174,0
DA:175,0
LF:58
LH:10
end_of_record
SF:lib/core/presentation/pages/login_page.dart
DA:10,3
DA:12,0
DA:16,1
DA:17,1
DA:25,1
DA:27,1
DA:29,3
DA:30,0
DA:32,0
DA:33,0
DA:34,0
DA:35,0
DA:36,0
DA:37,0
DA:38,0
DA:40,0
DA:41,0
DA:47,0
DA:48,0
DA:49,0
DA:52,1
DA:54,1
DA:55,1
DA:56,1
DA:57,1
LF:25
LH:11
end_of_record
SF:lib/core/presentation/router/app_router.dart
DA:6,2
DA:7,4
DA:8,1
DA:9,3
DA:11,2
LF:5
LH:5
end_of_record
SF:lib/core/presentation/pages/home_page.dart
DA:5,5
DA:7,0
DA:11,3
DA:12,3
DA:18,3
DA:22,3
DA:24,3
DA:26,3
DA:27,3
DA:28,3
DA:30,3
DA:31,3
DA:32,3
DA:37,0
DA:38,0
DA:39,0
DA:44,3
DA:45,3
DA:48,3
DA:50,3
DA:53,6
DA:58,3
DA:62,3
DA:67,3
DA:68,3
DA:72,3
DA:74,3
DA:83,3
DA:90,3
DA:91,6
DA:92,3
DA:97,3
DA:130,0
DA:131,0
LF:34
LH:28
end_of_record
