SF:lib/core/presentation/pages/home_page.dart
DA:5,0
DA:7,0
DA:11,0
DA:12,0
DA:18,0
DA:22,0
DA:24,0
DA:26,0
DA:27,0
DA:28,0
DA:30,0
DA:31,0
DA:32,0
DA:37,0
DA:38,0
DA:39,0
DA:44,0
DA:45,0
DA:48,0
DA:50,0
DA:53,0
DA:58,0
DA:62,0
DA:67,0
DA:68,0
DA:72,0
DA:74,0
DA:83,0
DA:90,0
DA:91,0
DA:92,0
DA:97,0
DA:130,0
DA:131,0
LF:34
LH:0
end_of_record
SF:lib/core/utils/constants.dart
DA:42,1
DA:43,1
DA:46,1
DA:47,1
DA:50,1
DA:51,1
DA:54,1
DA:55,1
DA:61,1
DA:62,1
DA:65,1
DA:66,1
DA:69,1
DA:72,2
DA:75,1
DA:76,1
LF:16
LH:16
end_of_record
SF:lib/core/data/models/imgur_comments.dart
DA:2,2
DA:13,2
DA:14,2
DA:15,2
DA:16,2
DA:17,2
DA:18,2
DA:19,2
DA:20,2
DA:22,6
LF:10
LH:10
end_of_record
SF:lib/core/data/models/imgur_favorite_image.dart
DA:2,0
DA:26,0
DA:27,0
DA:28,0
DA:30,0
DA:31,0
DA:32,0
DA:33,0
DA:34,0
DA:36,0
DA:37,0
DA:38,0
DA:39,0
DA:40,0
DA:41,0
DA:42,0
DA:43,0
DA:44,0
DA:45,0
DA:46,0
DA:47,0
DA:48,0
DA:49,0
DA:50,0
DA:51,0
DA:52,0
LF:26
LH:0
end_of_record
SF:lib/core/data/models/imgur_image.dart
DA:2,1
DA:17,1
DA:18,1
DA:19,1
DA:20,1
DA:21,1
DA:22,1
DA:23,1
DA:24,1
DA:25,1
DA:26,3
DA:27,1
DA:29,3
DA:30,1
DA:31,1
LF:15
LH:15
end_of_record
SF:lib/core/data/models/imgur_profile_image.dart
DA:2,0
DA:31,0
DA:32,0
DA:33,0
DA:34,0
DA:35,0
DA:36,0
DA:38,0
DA:39,0
DA:40,0
DA:41,0
DA:42,0
DA:43,0
DA:44,0
DA:45,0
DA:46,0
DA:47,0
DA:48,0
DA:49,0
DA:50,0
DA:51,0
DA:52,0
DA:53,0
DA:54,0
DA:55,0
DA:56,0
DA:57,0
DA:58,0
DA:59,0
LF:29
LH:0
end_of_record
SF:lib/core/data/models/user_informations.dart
DA:2,1
DA:11,1
DA:12,1
DA:13,1
DA:14,1
DA:15,1
DA:16,1
DA:17,1
DA:18,1
LF:9
LH:9
end_of_record
SF:lib/core/data/sources/imgur_data_source.dart
DA:17,0
DA:21,0
DA:22,0
DA:23,0
DA:25,0
DA:28,0
DA:29,0
DA:30,0
DA:33,0
DA:34,0
DA:35,0
DA:37,0
DA:42,0
DA:46,0
DA:47,0
DA:49,0
DA:50,0
DA:51,0
DA:54,0
DA:55,0
DA:58,0
DA:59,0
DA:60,0
DA:68,0
DA:73,0
DA:78,0
DA:79,0
DA:80,0
DA:83,0
DA:84,0
DA:85,0
DA:88,0
DA:89,0
DA:92,0
DA:93,0
DA:94,0
DA:101,0
DA:106,0
DA:110,0
DA:112,0
DA:113,0
DA:114,0
DA:117,0
DA:118,0
DA:119,0
DA:122,0
DA:123,0
DA:126,0
DA:127,0
DA:128,0
DA:129,0
DA:137,0
DA:138,0
DA:139,0
DA:142,0
DA:143,0
DA:144,0
DA:145,0
DA:150,0
DA:155,1
DA:158,1
DA:160,1
DA:161,0
DA:162,0
DA:163,0
DA:166,0
DA:167,0
DA:168,0
DA:170,0
DA:171,0
DA:174,0
DA:175,0
DA:176,0
DA:183,0
DA:184,0
DA:185,0
DA:189,0
DA:190,0
DA:191,0
DA:192,0
DA:197,2
DA:202,0
DA:207,0
DA:208,0
DA:209,0
DA:210,0
DA:213,0
DA:214,0
DA:215,0
DA:219,0
DA:224,1
DA:229,1
DA:230,0
DA:231,0
DA:232,0
DA:233,0
DA:237,0
DA:239,0
DA:241,0
DA:242,0
DA:243,0
DA:244,0
DA:247,0
DA:248,0
DA:249,0
DA:254,0
DA:255,0
DA:258,2
DA:263,0
DA:269,0
DA:270,0
DA:271,0
DA:272,0
DA:273,0
DA:279,0
DA:280,0
DA:281,0
DA:284,0
DA:285,0
DA:289,0
DA:290,0
DA:291,0
DA:296,0
DA:301,0
DA:306,0
DA:307,0
DA:308,0
DA:309,0
DA:312,0
DA:313,0
DA:314,0
DA:317,0
DA:318,0
DA:322,0
DA:324,0
DA:329,0
DA:335,0
DA:336,0
DA:337,0
DA:338,0
DA:341,0
DA:342,0
DA:343,0
DA:348,0
DA:353,0
DA:358,0
DA:359,0
DA:360,0
DA:361,0
DA:364,0
DA:365,0
DA:366,0
DA:369,0
DA:370,0
DA:376,0
DA:381,0
DA:386,0
DA:387,0
DA:388,0
DA:389,0
DA:392,0
DA:393,0
DA:394,0
DA:397,0
DA:398,0
DA:404,0
DA:409,0
DA:416,0
DA:417,0
DA:418,0
DA:419,0
DA:420,0
DA:421,0
DA:430,0
DA:431,0
DA:432,0
DA:435,0
DA:436,0
DA:442,0
DA:447,0
DA:454,0
DA:455,0
DA:456,0
DA:457,0
DA:458,0
DA:459,0
DA:460,0
DA:461,0
DA:465,0
DA:466,0
DA:467,0
DA:470,0
DA:471,0
DA:476,0
DA:481,2
DA:483,2
DA:484,0
DA:487,0
DA:489,0
DA:490,0
LF:200
LH:9
end_of_record
SF:lib/core/presentation/bloc/user_bloc/user_state.dart
DA:4,3
DA:6,0
DA:7,0
DA:13,1
DA:17,0
DA:18,0
LF:6
LH:2
end_of_record
SF:lib/core/presentation/bloc/user_bloc/user_event.dart
DA:4,0
DA:6,0
DA:7,0
DA:11,0
DA:15,0
DA:16,0
LF:6
LH:0
end_of_record
SF:lib/core/presentation/bloc/user_bloc/user_bloc.dart
DA:11,6
DA:14,0
DA:17,0
DA:18,0
LF:4
LH:1
end_of_record
SF:lib/core/domain/entities/user_entity.dart
DA:4,2
DA:16,1
DA:17,1
DA:18,1
DA:19,1
DA:20,1
DA:21,1
LF:7
LH:7
end_of_record
SF:lib/core/presentation/bloc/favorite_gallery_bloc/favorite_gallery_bloc.dart
DA:11,3
DA:14,0
DA:17,0
DA:18,0
DA:19,0
DA:23,0
DA:27,0
DA:29,0
DA:33,0
DA:37,0
LF:10
LH:1
end_of_record
SF:lib/core/presentation/bloc/favorite_gallery_bloc/favorite_gallery_state.dart
DA:4,1
DA:6,0
DA:7,0
DA:17,0
LF:4
LH:1
end_of_record
SF:lib/core/presentation/bloc/favorite_gallery_bloc/favorite_gallery_event.dart
DA:4,0
DA:6,0
DA:7,0
DA:11,0
DA:17,0
DA:18,0
LF:6
LH:0
end_of_record
SF:lib/core/presentation/bloc/profile_gallery_bloc/profile_gallery_event.dart
DA:4,0
DA:6,0
DA:7,0
DA:11,0
DA:15,0
DA:16,0
LF:6
LH:0
end_of_record
SF:lib/core/presentation/bloc/profile_gallery_bloc/profile_gallery_bloc.dart
DA:11,0
DA:14,0
DA:17,0
DA:18,0
DA:22,0
DA:25,0
DA:27,0
DA:30,0
DA:34,0
LF:9
LH:0
end_of_record
SF:lib/core/presentation/bloc/profile_gallery_bloc/profile_gallery_state.dart
DA:4,0
DA:6,0
DA:7,0
DA:17,0
LF:4
LH:0
end_of_record
SF:lib/core/presentation/pages/favorite_body.dart
DA:11,11
DA:13,0
DA:15,1
DA:16,1
DA:23,1
DA:25,1
DA:26,2
DA:27,2
DA:28,0
DA:29,0
DA:30,0
DA:31,0
DA:32,0
DA:37,1
DA:39,1
DA:40,0
DA:41,0
DA:42,0
DA:43,0
DA:44,0
DA:45,0
DA:49,1
DA:50,1
DA:51,0
DA:58,0
DA:60,0
DA:61,0
DA:62,0
DA:63,0
DA:64,0
DA:65,0
DA:67,0
DA:68,0
DA:69,0
DA:70,0
DA:71,0
DA:72,0
DA:73,0
DA:74,0
DA:75,0
DA:76,0
DA:77,0
DA:78,0
DA:79,0
DA:80,0
DA:81,0
DA:85,0
DA:87,0
DA:88,0
DA:89,0
DA:90,0
DA:97,0
DA:98,0
DA:99,0
DA:100,0
DA:102,0
DA:103,0
DA:104,0
DA:105,0
DA:106,0
DA:107,0
DA:108,0
DA:111,0
DA:120,0
DA:121,0
DA:138,0
DA:140,0
DA:141,0
DA:142,0
DA:143,0
DA:144,0
LF:71
LH:11
end_of_record
SF:lib/core/utils/utils.dart
DA:6,0
DA:21,0
DA:22,0
DA:38,0
DA:42,0
DA:44,0
DA:45,0
DA:49,0
DA:50,0
DA:52,0
DA:53,0
DA:56,0
DA:58,0
DA:59,0
DA:69,2
DA:70,4
DA:73,4
DA:74,6
DA:75,4
DA:76,3
DA:77,4
DA:78,6
DA:80,2
DA:85,0
DA:91,0
DA:92,0
DA:95,0
LF:27
LH:9
end_of_record
SF:lib/core/presentation/pages/home_body.dart
DA:11,11
DA:13,1
DA:14,1
DA:21,1
DA:23,1
DA:24,3
DA:25,2
DA:26,1
DA:27,1
DA:28,1
DA:29,0
DA:30,0
DA:31,0
DA:38,1
DA:41,1
DA:43,0
DA:44,0
DA:45,0
DA:46,0
DA:50,0
DA:51,0
DA:52,0
DA:54,0
DA:57,0
DA:59,0
DA:60,0
DA:61,0
DA:62,0
DA:65,0
DA:66,0
DA:68,0
DA:72,0
DA:73,0
DA:74,0
DA:75,0
DA:76,0
DA:77,0
DA:78,0
DA:79,0
DA:80,0
DA:81,0
DA:82,0
DA:83,0
DA:84,0
DA:85,0
DA:86,0
DA:90,0
DA:91,0
DA:94,0
DA:95,0
DA:96,0
DA:97,0
DA:102,0
DA:103,0
DA:104,0
DA:105,0
DA:108,0
DA:111,0
DA:112,0
DA:113,0
DA:114,0
DA:116,0
DA:120,0
DA:121,0
DA:128,0
DA:129,0
DA:131,0
DA:134,0
DA:135,0
DA:136,0
DA:138,0
DA:142,0
DA:143,0
DA:144,0
DA:146,0
DA:147,0
DA:148,0
DA:149,0
DA:150,0
DA:151,0
DA:152,0
DA:157,0
DA:158,0
DA:161,0
DA:179,0
DA:181,0
DA:182,0
DA:183,0
DA:184,0
DA:185,0
LF:90
LH:12
end_of_record
SF:lib/core/presentation/pages/image_page.dart
DA:12,1
DA:43,1
DA:47,1
DA:53,1
DA:54,1
DA:62,1
DA:64,1
DA:65,4
DA:66,2
DA:67,1
DA:68,1
DA:69,3
DA:74,6
DA:75,2
DA:76,1
DA:77,1
DA:83,1
DA:85,1
DA:86,1
DA:87,1
DA:88,3
DA:89,0
DA:90,0
DA:91,0
DA:92,0
DA:101,1
DA:106,0
DA:107,0
DA:111,1
DA:113,1
DA:116,1
DA:117,1
DA:119,1
DA:125,1
DA:126,1
DA:129,1
DA:131,3
DA:132,1
DA:133,1
DA:134,1
DA:136,1
DA:137,1
DA:138,6
DA:143,1
DA:144,1
DA:146,1
DA:147,5
DA:152,4
DA:153,4
DA:155,1
DA:157,2
DA:158,1
DA:159,0
DA:165,1
DA:166,6
DA:169,1
DA:170,0
DA:171,1
DA:173,1
DA:177,1
DA:178,0
DA:179,0
DA:181,0
DA:182,0
DA:183,0
DA:184,0
DA:185,0
DA:187,0
DA:189,0
DA:198,1
DA:199,1
DA:200,1
DA:205,1
DA:207,1
DA:208,5
DA:210,1
DA:211,1
DA:212,1
DA:214,1
DA:215,1
DA:216,0
DA:217,0
DA:218,0
DA:220,0
DA:222,0
DA:224,0
DA:225,0
DA:238,1
DA:239,2
DA:241,1
DA:242,1
DA:244,1
DA:245,1
DA:249,1
DA:258,0
DA:259,0
DA:260,0
DA:261,0
DA:264,0
DA:265,0
DA:272,0
DA:274,0
DA:275,0
DA:278,0
DA:279,0
DA:280,0
DA:281,0
DA:282,0
DA:283,0
DA:284,0
DA:286,0
DA:296,0
DA:299,0
DA:300,0
DA:303,0
DA:306,0
DA:307,0
DA:316,0
DA:318,0
DA:319,0
DA:320,0
DA:321,0
DA:322,0
DA:327,0
DA:329,0
DA:330,0
DA:331,0
DA:332,0
DA:337,0
DA:339,0
DA:340,0
DA:345,1
DA:348,1
DA:352,1
DA:353,1
DA:357,1
DA:359,1
DA:363,3
DA:364,1
DA:365,1
DA:366,2
DA:368,1
DA:373,0
DA:374,0
DA:375,0
DA:381,1
DA:386,1
DA:392,1
DA:393,1
DA:401,1
DA:403,1
DA:405,6
DA:406,0
DA:407,0
DA:408,0
DA:409,0
DA:412,1
DA:416,1
DA:417,1
DA:418,1
DA:419,1
DA:421,1
DA:422,7
DA:427,1
DA:429,1
DA:430,2
DA:432,7
DA:436,1
DA:437,1
DA:438,1
DA:439,8
DA:443,2
DA:444,1
DA:446,1
DA:447,0
DA:448,0
DA:456,1
DA:457,0
DA:458,0
DA:460,0
DA:462,0
DA:463,0
DA:464,0
DA:465,0
DA:466,0
DA:467,0
DA:473,1
DA:475,2
DA:478,1
DA:479,7
DA:482,1
DA:483,0
DA:484,0
DA:486,0
DA:488,0
DA:489,0
DA:490,0
DA:491,0
DA:492,0
DA:493,0
DA:499,1
DA:501,2
DA:504,1
DA:505,7
DA:515,0
DA:516,0
DA:517,0
DA:518,0
DA:519,0
DA:520,0
DA:521,0
DA:522,0
DA:523,0
DA:524,0
DA:526,0
DA:532,1
DA:534,2
DA:535,7
DA:536,2
DA:537,1
DA:538,1
DA:539,1
LF:222
LH:123
end_of_record
SF:lib/core/presentation/pages/profile_body.dart
DA:11,10
DA:13,0
DA:15,0
DA:16,0
DA:26,0
DA:28,0
DA:30,0
DA:31,0
DA:32,0
DA:33,0
DA:35,0
DA:36,0
DA:37,0
DA:41,0
DA:43,0
DA:45,0
DA:46,0
DA:47,0
DA:48,0
DA:49,0
DA:50,0
DA:51,0
DA:52,0
DA:53,0
DA:54,0
DA:55,0
DA:57,0
DA:61,0
DA:62,0
DA:63,0
DA:65,0
DA:67,0
DA:68,0
DA:77,0
DA:78,0
DA:79,0
DA:80,0
DA:82,0
DA:83,0
DA:85,0
DA:86,0
DA:94,0
DA:95,0
DA:100,0
DA:101,0
DA:102,0
DA:110,0
DA:116,0
DA:117,0
DA:118,0
DA:119,0
DA:120,0
DA:123,0
DA:124,0
DA:136,0
DA:137,0
DA:138,0
DA:144,0
DA:145,0
DA:146,0
DA:147,0
DA:151,0
DA:152,0
DA:160,0
DA:161,0
DA:177,0
DA:178,0
DA:179,0
DA:180,0
DA:181,0
DA:185,0
DA:186,0
DA:187,0
DA:188,0
DA:196,0
DA:197,0
DA:198,0
DA:199,0
DA:200,0
DA:201,0
DA:202,0
DA:203,0
DA:204,0
DA:205,0
DA:206,0
DA:207,0
DA:208,0
DA:209,0
DA:210,0
DA:211,0
DA:212,0
DA:216,0
DA:218,0
DA:219,0
DA:220,0
DA:221,0
DA:229,0
DA:241,0
DA:242,0
DA:243,0
DA:244,0
DA:245,0
DA:246,0
DA:248,0
DA:249,0
DA:251,0
DA:252,0
DA:253,0
DA:255,0
DA:265,0
DA:266,0
DA:267,0
DA:272,0
DA:273,0
DA:274,0
DA:279,0
DA:280,0
DA:281,0
DA:286,0
DA:287,0
DA:288,0
LF:121
LH:1
end_of_record
SF:lib/core/presentation/pages/search_body.dart
DA:7,10
DA:9,0
DA:11,0
DA:12,0
DA:19,0
DA:21,0
DA:22,0
DA:23,0
DA:26,0
DA:31,0
DA:32,0
DA:33,0
DA:35,0
DA:36,0
DA:37,0
DA:38,0
DA:39,0
DA:47,0
DA:48,0
DA:49,0
DA:54,0
DA:55,0
DA:62,0
DA:64,0
DA:65,0
DA:66,0
DA:68,0
DA:69,0
DA:70,0
DA:71,0
DA:72,0
DA:73,0
DA:74,0
DA:75,0
DA:76,0
DA:77,0
DA:78,0
DA:79,0
DA:80,0
DA:81,0
DA:82,0
DA:83,0
DA:84,0
DA:85,0
DA:89,0
DA:91,0
DA:92,0
DA:93,0
DA:94,0
DA:95,0
DA:100,0
DA:104,0
LF:52
LH:1
end_of_record
SF:lib/core/presentation/pages/upload_body.dart
DA:11,10
DA:13,0
DA:14,0
DA:21,0
DA:23,0
DA:24,0
DA:25,0
DA:26,0
DA:28,0
DA:29,0
DA:31,0
DA:33,0
DA:34,0
DA:51,0
DA:52,0
DA:54,0
DA:56,0
DA:57,0
DA:77,0
DA:78,0
DA:79,0
DA:83,0
DA:84,0
DA:85,0
DA:91,0
DA:95,0
DA:100,0
DA:101,0
DA:108,0
DA:110,0
DA:111,0
DA:113,0
DA:114,0
DA:115,0
DA:120,0
DA:122,0
DA:124,0
DA:125,0
DA:126,0
DA:135,0
DA:136,0
DA:137,0
DA:138,0
DA:139,0
DA:140,0
DA:141,0
DA:142,0
DA:143,0
DA:144,0
DA:145,0
DA:159,0
DA:161,0
DA:162,0
DA:163,0
DA:171,0
DA:173,0
DA:174,0
DA:175,0
LF:58
LH:1
end_of_record
